<?xml version="1.0" encoding="UTF-8"?>
<!-- Generated by org.testng.reporters.JUnitXMLReporter -->
<testsuite ignored="0" hostname="DESKTOP-R0NL5GO" failures="0" tests="3" name="my FreeCRM test firefox" time="26.768" errors="0" timestamp="2024-01-04T20:12:54 EST">
  <testcase classname="testPages.LoginPageTest" name="verifyLoginPageTitleTest" time="0.012"/>
  <testcase classname="testPages.LoginPageTest" name="verifyLoginPageHeaderTest" time="0.098"/>
  <testcase classname="testPages.LoginPageTest" name="verifyDoLoginTest" time="1.644"/>
</testsuite> <!-- my FreeCRM test firefox -->
