<?xml version="1.0" encoding="UTF-8"?>
<!-- Generated by org.testng.reporters.JUnitXMLReporter -->
<testsuite ignored="2" hostname="DESKTOP-R0NL5GO" failures="0" tests="3" name="my FreeCRM test chrome" time="18.886" errors="0" timestamp="2024-01-04T20:27:39 EST">
  <testcase classname="testPages.LoginPageTest" name="verifyDoLoginTest" time="1.993"/>
  <testcase classname="testPages.LoginPageTest" name="verifyDoLoginNoArgsTest" time="0.495"/>
  <testcase classname="testPages.LoginPageTest" name="verifyDoLoginOneArgsTest" time="0.604"/>
  <testcase classname="testPages.LoginPageTest" name="verifyLoginPageTitleTest" time="0.0">
    <ignored/>
  </testcase> <!-- verifyLoginPageTitleTest -->
  <testcase classname="testPages.LoginPageTest" name="verifyLoginPageHeaderTest" time="0.0">
    <ignored/>
  </testcase> <!-- verifyLoginPageHeaderTest -->
</testsuite> <!-- my FreeCRM test chrome -->
