<?xml version="1.0" encoding="UTF-8"?>
<!-- Generated by org.testng.reporters.JUnitXMLReporter -->
<testsuite ignored="2" hostname="DESKTOP-R0NL5GO" failures="0" tests="3" name="my FreeCRM test chrome" time="24.241" errors="0" timestamp="2024-01-05T11:22:48 EST">
  <testcase classname="testPages.LoginPageTest" name="verifyDoLoginTest" time="2.304"/>
  <testcase classname="testPages.LoginPageTest" name="verifyDoLoginNoArgsTest" time="0.756"/>
  <testcase classname="testPages.LoginPageTest" name="verifyDoLoginOneArgsTest" time="0.541"/>
  <testcase classname="testPages.LoginPageTest" name="verifyLoginPageTitleTest" time="0.0">
    <ignored/>
  </testcase> <!-- verifyLoginPageTitleTest -->
  <testcase classname="testPages.LoginPageTest" name="verifyLoginPageHeaderTest" time="0.0">
    <ignored/>
  </testcase> <!-- verifyLoginPageHeaderTest -->
</testsuite> <!-- my FreeCRM test chrome -->
