<?xml version="1.0" encoding="UTF-8"?>
<testng-results ignored="0" total="3" passed="3" failed="0" skipped="0">
  <reporter-output>
  </reporter-output>
  <suite started-at="2024-01-05T11:22:24 EST" name="Suite" finished-at="2024-01-05T11:22:48 EST" duration-ms="24241">
    <groups>
    </groups>
    <test started-at="2024-01-05T11:22:24 EST" name="my FreeCRM test chrome" finished-at="2024-01-05T11:22:48 EST" duration-ms="24241">
      <class name="testPages.LoginPageTest">
        <test-method is-config="true" signature="setUp(java.lang.String)[pri:0, instance:testPages.LoginPageTest@10e92f8f]" started-at="2024-01-05T11:22:24 EST" name="setUp" finished-at="2024-01-05T11:22:32 EST" duration-ms="8341" status="PASS">
          <params>
            <param index="0">
              <value>
                <![CDATA[chrome]]>
              </value>
            </param>
          </params>
          <reporter-output>
          </reporter-output>
        </test-method> <!-- setUp -->
        <test-method signature="verifyDoLoginTest()[pri:3, instance:testPages.LoginPageTest@10e92f8f]" started-at="2024-01-05T11:22:32 EST" name="verifyDoLoginTest" finished-at="2024-01-05T11:22:35 EST" duration-ms="2304" status="PASS">
          <reporter-output>
          </reporter-output>
        </test-method> <!-- verifyDoLoginTest -->
        <test-method is-config="true" signature="tearDown()[pri:0, instance:testPages.LoginPageTest@10e92f8f]" started-at="2024-01-05T11:22:35 EST" name="tearDown" finished-at="2024-01-05T11:22:36 EST" duration-ms="907" status="PASS">
          <reporter-output>
          </reporter-output>
        </test-method> <!-- tearDown -->
        <test-method is-config="true" signature="setUp(java.lang.String)[pri:0, instance:testPages.LoginPageTest@10e92f8f]" started-at="2024-01-05T11:22:36 EST" name="setUp" finished-at="2024-01-05T11:22:42 EST" duration-ms="5883" status="PASS">
          <params>
            <param index="0">
              <value>
                <![CDATA[chrome]]>
              </value>
            </param>
          </params>
          <reporter-output>
          </reporter-output>
        </test-method> <!-- setUp -->
        <test-method signature="verifyDoLoginNoArgsTest()[pri:4, instance:testPages.LoginPageTest@10e92f8f]" started-at="2024-01-05T11:22:42 EST" name="verifyDoLoginNoArgsTest" finished-at="2024-01-05T11:22:42 EST" duration-ms="756" status="PASS">
          <reporter-output>
          </reporter-output>
        </test-method> <!-- verifyDoLoginNoArgsTest -->
        <test-method is-config="true" signature="tearDown()[pri:0, instance:testPages.LoginPageTest@10e92f8f]" started-at="2024-01-05T11:22:42 EST" name="tearDown" finished-at="2024-01-05T11:22:43 EST" duration-ms="336" status="PASS">
          <reporter-output>
          </reporter-output>
        </test-method> <!-- tearDown -->
        <test-method is-config="true" signature="setUp(java.lang.String)[pri:0, instance:testPages.LoginPageTest@10e92f8f]" started-at="2024-01-05T11:22:43 EST" name="setUp" finished-at="2024-01-05T11:22:47 EST" duration-ms="4810" status="PASS">
          <params>
            <param index="0">
              <value>
                <![CDATA[chrome]]>
              </value>
            </param>
          </params>
          <reporter-output>
          </reporter-output>
        </test-method> <!-- setUp -->
        <test-method signature="verifyDoLoginOneArgsTest()[pri:4, instance:testPages.LoginPageTest@10e92f8f]" started-at="2024-01-05T11:22:47 EST" name="verifyDoLoginOneArgsTest" finished-at="2024-01-05T11:22:48 EST" duration-ms="541" status="PASS">
          <reporter-output>
          </reporter-output>
        </test-method> <!-- verifyDoLoginOneArgsTest -->
        <test-method is-config="true" signature="tearDown()[pri:0, instance:testPages.LoginPageTest@10e92f8f]" started-at="2024-01-05T11:22:48 EST" name="tearDown" finished-at="2024-01-05T11:22:48 EST" duration-ms="278" status="PASS">
          <reporter-output>
          </reporter-output>
        </test-method> <!-- tearDown -->
      </class> <!-- testPages.LoginPageTest -->
    </test> <!-- my FreeCRM test chrome -->
  </suite> <!-- Suite -->
</testng-results>
