<?xml version="1.0" encoding="UTF-8"?>
<testng-results ignored="0" total="3" passed="3" failed="0" skipped="0">
  <reporter-output>
  </reporter-output>
  <suite started-at="2024-01-04T20:27:20 EST" name="Suite" finished-at="2024-01-04T20:27:39 EST" duration-ms="18886">
    <groups>
    </groups>
    <test started-at="2024-01-04T20:27:20 EST" name="my FreeCRM test chrome" finished-at="2024-01-04T20:27:39 EST" duration-ms="18886">
      <class name="testPages.LoginPageTest">
        <test-method is-config="true" signature="setUp(java.lang.String)[pri:0, instance:testPages.LoginPageTest@409bf450]" started-at="2024-01-04T20:27:20 EST" name="setUp" finished-at="2024-01-04T20:27:26 EST" duration-ms="5461" status="PASS">
          <params>
            <param index="0">
              <value>
                <![CDATA[chrome]]>
              </value>
            </param>
          </params>
          <reporter-output>
          </reporter-output>
        </test-method> <!-- setUp -->
        <test-method signature="verifyDoLoginTest()[pri:3, instance:testPages.LoginPageTest@409bf450]" started-at="2024-01-04T20:27:26 EST" name="verifyDoLoginTest" finished-at="2024-01-04T20:27:28 EST" duration-ms="1993" status="PASS">
          <reporter-output>
          </reporter-output>
        </test-method> <!-- verifyDoLoginTest -->
        <test-method is-config="true" signature="tearDown()[pri:0, instance:testPages.LoginPageTest@409bf450]" started-at="2024-01-04T20:27:28 EST" name="tearDown" finished-at="2024-01-04T20:27:28 EST" duration-ms="2" status="PASS">
          <reporter-output>
          </reporter-output>
        </test-method> <!-- tearDown -->
        <test-method is-config="true" signature="setUp(java.lang.String)[pri:0, instance:testPages.LoginPageTest@409bf450]" started-at="2024-01-04T20:27:28 EST" name="setUp" finished-at="2024-01-04T20:27:34 EST" duration-ms="5954" status="PASS">
          <params>
            <param index="0">
              <value>
                <![CDATA[chrome]]>
              </value>
            </param>
          </params>
          <reporter-output>
          </reporter-output>
        </test-method> <!-- setUp -->
        <test-method signature="verifyDoLoginNoArgsTest()[pri:4, instance:testPages.LoginPageTest@409bf450]" started-at="2024-01-04T20:27:34 EST" name="verifyDoLoginNoArgsTest" finished-at="2024-01-04T20:27:34 EST" duration-ms="495" status="PASS">
          <reporter-output>
          </reporter-output>
        </test-method> <!-- verifyDoLoginNoArgsTest -->
        <test-method is-config="true" signature="tearDown()[pri:0, instance:testPages.LoginPageTest@409bf450]" started-at="2024-01-04T20:27:34 EST" name="tearDown" finished-at="2024-01-04T20:27:34 EST" duration-ms="1" status="PASS">
          <reporter-output>
          </reporter-output>
        </test-method> <!-- tearDown -->
        <test-method is-config="true" signature="setUp(java.lang.String)[pri:0, instance:testPages.LoginPageTest@409bf450]" started-at="2024-01-04T20:27:34 EST" name="setUp" finished-at="2024-01-04T20:27:39 EST" duration-ms="4287" status="PASS">
          <params>
            <param index="0">
              <value>
                <![CDATA[chrome]]>
              </value>
            </param>
          </params>
          <reporter-output>
          </reporter-output>
        </test-method> <!-- setUp -->
        <test-method signature="verifyDoLoginOneArgsTest()[pri:4, instance:testPages.LoginPageTest@409bf450]" started-at="2024-01-04T20:27:39 EST" name="verifyDoLoginOneArgsTest" finished-at="2024-01-04T20:27:39 EST" duration-ms="604" status="PASS">
          <reporter-output>
          </reporter-output>
        </test-method> <!-- verifyDoLoginOneArgsTest -->
        <test-method is-config="true" signature="tearDown()[pri:0, instance:testPages.LoginPageTest@409bf450]" started-at="2024-01-04T20:27:39 EST" name="tearDown" finished-at="2024-01-04T20:27:39 EST" duration-ms="1" status="PASS">
          <reporter-output>
          </reporter-output>
        </test-method> <!-- tearDown -->
      </class> <!-- testPages.LoginPageTest -->
    </test> <!-- my FreeCRM test chrome -->
  </suite> <!-- Suite -->
</testng-results>
